Parsed elevators file. Results: 10 elevators, 120 floors
Parsed time 00:00 to numerical: 0
Passenger #1 | 65.200000 kg | 00:00 | floor 1 → floor 15
Parsed time 00:01 to numerical: 1
Passenger #2 | 72.100000 kg | 00:01 | floor 1 → floor 10
Parsed time 00:02 to numerical: 2
Passenger #3 | 88.500000 kg | 00:02 | floor 2 → floor 24
Parsed time 00:03 to numerical: 3
Passenger #4 | 56.700000 kg | 00:03 | floor 3 → floor 1
Parsed time 00:04 to numerical: 4
Passenger #5 | 112.300000 kg | 00:04 | floor 1 → floor 8
Parsed time 00:05 to numerical: 5
Passenger #6 | 94.000000 kg | 00:05 | floor 5 → floor 12
Parsed time 00:06 to numerical: 6
Passenger #7 | 68.900000 kg | 00:06 | floor 6 → floor 3
Parsed time 00:07 to numerical: 7
Passenger #8 | 101.500000 kg | 00:07 | floor 7 → floor 15
Parsed time 00:08 to numerical: 8
Passenger #9 | 77.800000 kg | 00:08 | floor 8 → floor 2
Parsed time 00:09 to numerical: 9
Passenger #10 | 83.200000 kg | 00:09 | floor 9 → floor 18
Parsed time 00:10 to numerical: 10
Passenger #11 | 62.400000 kg | 00:10 | floor 10 → floor 5
Parsed time 00:11 to numerical: 11
Passenger #12 | 107.100000 kg | 00:11 | floor 11 → floor 7
Modeling starts!
-----------------------------------------------------------
[0] Passenger #1 waiting elevator at floor 1, Target floor: 15
[0] Elevator #10 arrived at floor 1
[0] Passenger #1 entered elevator on floor 1
[0] Elevator #10 continues MovingUp - next target floor 15, will arrive at [42]
[1] Passenger #2 waiting elevator at floor 1, Target floor: 10
[1] Elevator #10 continues MovingUp - next target floor 15, will arrive at [40]
[2] Passenger #3 waiting elevator at floor 2, Target floor: 24
[2] Elevator #10 continues MovingUp - next target floor 15, will arrive at [38]
[3] Passenger #4 waiting elevator at floor 3, Target floor: 1
[3] Elevator #10 continues MovingUp - next target floor 15, will arrive at [36]
[4] Passenger #5 waiting elevator at floor 1, Target floor: 8
[5] Passenger #6 waiting elevator at floor 5, Target floor: 12
[5] Elevator #10 continues MovingUp - next target floor 15, will arrive at [35]
[6] Passenger #7 waiting elevator at floor 6, Target floor: 3
[6] Elevator #10 continues MovingUp - next target floor 15, will arrive at [33]
[7] Passenger #8 waiting elevator at floor 7, Target floor: 15
[7] Elevator #10 continues MovingUp - next target floor 15, will arrive at [31]
[8] Passenger #9 waiting elevator at floor 8, Target floor: 2
[8] Elevator #10 continues MovingUp - next target floor 15, will arrive at [29]
[9] Passenger #10 waiting elevator at floor 9, Target floor: 18
[9] Elevator #10 continues MovingUp - next target floor 15, will arrive at [27]
[10] Passenger #11 waiting elevator at floor 10, Target floor: 5
[10] Elevator #10 continues MovingUp - next target floor 15, will arrive at [25]
[11] Passenger #12 waiting elevator at floor 11, Target floor: 7
[11] Elevator #10 continues MovingUp - next target floor 15, will arrive at [23]
[23] Elevator #10 arrived at floor 15
[23] Passenger #1 arrived at floor 15 via elevator #10
[23] Elevator #10 changes direction to MovingDown - next target floor 11, will arrive at [11]
[24] Elevator #10 arrived at floor 11
[24] Passenger #12 entered elevator on floor 11
[24] Elevator #10 changes direction to MovingDown - next target floor 10, will arrive at [21]
[25] Elevator #10 arrived at floor 10
[25] Passenger #11 entered elevator on floor 10
[25] Elevator #10 changes direction to MovingDown - next target floor 9, will arrive at [22]
[26] Elevator #10 arrived at floor 9
[26] Passenger #10 entered elevator on floor 9
[26] Elevator #10 continues MovingUp - next target floor 18, will arrive at [53]
[53] Elevator #10 arrived at floor 18
[53] Passenger #10 arrived at floor 18 via elevator #10
[53] Elevator #10 changes direction to MovingDown - next target floor 8, will arrive at [23]
[54] Elevator #10 arrived at floor 8
[54] Passenger #9 entered elevator on floor 8
[54] Elevator #10 changes direction to MovingDown - next target floor 7, will arrive at [51]
[55] Elevator #10 arrived at floor 7
[55] Passenger #12 arrived at floor 7 via elevator #10
[55] Passenger #8 entered elevator on floor 7
[55] Elevator #10 continues MovingUp - next target floor 15, will arrive at [79]
[79] Elevator #10 arrived at floor 15
[79] Passenger #8 arrived at floor 15 via elevator #10
[79] Elevator #10 changes direction to MovingDown - next target floor 6, will arrive at [52]
[80] Elevator #10 arrived at floor 6
[80] Passenger #7 entered elevator on floor 6
[80] Elevator #10 changes direction to MovingDown - next target floor 5, will arrive at [77]
[81] Elevator #10 arrived at floor 5
[81] Passenger #11 arrived at floor 5 via elevator #10
[81] Passenger #6 entered elevator on floor 5
[81] Elevator #10 continues MovingUp - next target floor 12, will arrive at [102]
[102] Elevator #10 arrived at floor 12
[102] Passenger #6 arrived at floor 12 via elevator #10
[102] Elevator #10 changes direction to MovingDown - next target floor 3, will arrive at [75]
[103] Elevator #10 arrived at floor 3
[103] Passenger #7 arrived at floor 3 via elevator #10
[103] Passenger #4 entered elevator on floor 3
[103] Elevator #10 changes direction to MovingDown - next target floor 2, will arrive at [100]
[104] Elevator #10 arrived at floor 2
[104] Passenger #9 arrived at floor 2 via elevator #10
[104] Passenger #3 entered elevator on floor 2
[104] Elevator #10 continues MovingUp - next target floor 24, will arrive at [170]
[170] Elevator #10 arrived at floor 24
[170] Passenger #3 arrived at floor 24 via elevator #10
[170] Elevator #10 changes direction to MovingDown - next target floor 1, will arrive at [101]
[171] Elevator #10 arrived at floor 1
[171] Passenger #4 arrived at floor 1 via elevator #10
[171] Passenger #2 entered elevator on floor 1
[171] Passenger #5 entered elevator on floor 1
[171] Elevator #10 continues MovingUp - next target floor 8, will arrive at [192]
[192] Elevator #10 arrived at floor 8
[192] Passenger #5 arrived at floor 8 via elevator #10
[192] Elevator #10 continues MovingUp - next target floor 10, will arrive at [198]
[198] Elevator #10 arrived at floor 10
[198] Passenger #2 arrived at floor 10 via elevator #10
[198] Elevator #10 started idleing (no buttons pressed)
